<?xml version="1.0" encoding="UTF-8"?>
<testng-results ignored="0" total="4" passed="4" failed="0" skipped="0">
  <reporter-output>
    <line>
      <![CDATA[Supplier-00000006976  Supplier-00000006976]]>
    </line>
    <line>
      <![CDATA[Supplier number added successfully]]>
    </line>
    <line>
      <![CDATA[Supplier-00000006977  Supplier-00000006977]]>
    </line>
    <line>
      <![CDATA[Supplier number added successfully]]>
    </line>
    <line>
      <![CDATA[Customer-00000012475   Customer-00000012475]]>
    </line>
    <line>
      <![CDATA[Customer-00000012476   Customer-00000012476]]>
    </line>
  </reporter-output>
  <suite started-at="2024-10-31T15:10:59 IST" name="Default suite" finished-at="2024-10-31T15:12:02 IST" duration-ms="62754">
    <groups>
      <group name="cucumber">
        <method signature="AbstractTestNGCucumberTests.runScenario(cucumber.api.testng.PickleEventWrapper,cucumber.api.testng.CucumberFeatureWrapper)[pri:0, instance:testRunners.Runner@5c80cf32]" name="runScenario" class="cucumber.api.testng.AbstractTestNGCucumberTests"/>
      </group> <!-- cucumber -->
    </groups>
    <test started-at="2024-10-31T15:10:59 IST" name="Default test" finished-at="2024-10-31T15:12:02 IST" duration-ms="62754">
      <class name="testRunners.Runner">
        <test-method is-config="true" signature="setUpClass()[pri:0, instance:testRunners.Runner@5c80cf32]" started-at="2024-10-31T15:10:59 IST" name="setUpClass" finished-at="2024-10-31T15:10:59 IST" duration-ms="116" status="PASS">
          <reporter-output>
          </reporter-output>
        </test-method> <!-- setUpClass -->
        <test-method signature="runScenario(cucumber.api.testng.PickleEventWrapper,cucumber.api.testng.CucumberFeatureWrapper)[pri:0, instance:testRunners.Runner@5c80cf32]" started-at="2024-10-31T15:10:59 IST" name="runScenario" description="Runs Cucumber Scenarios" data-provider="scenarios" finished-at="2024-10-31T15:11:16 IST" duration-ms="16308" status="PASS">
          <params>
            <param index="0">
              <value>
                <![CDATA[""]]>
              </value>
            </param>
            <param index="1">
              <value>
                <![CDATA[""]]>
              </value>
            </param>
          </params>
          <reporter-output>
            <line>
              <![CDATA[Supplier-00000006976  Supplier-00000006976]]>
            </line>
            <line>
              <![CDATA[Supplier number added successfully]]>
            </line>
          </reporter-output>
        </test-method> <!-- runScenario -->
        <test-method signature="runScenario(cucumber.api.testng.PickleEventWrapper,cucumber.api.testng.CucumberFeatureWrapper)[pri:0, instance:testRunners.Runner@5c80cf32]" started-at="2024-10-31T15:11:16 IST" name="runScenario" description="Runs Cucumber Scenarios" data-provider="scenarios" finished-at="2024-10-31T15:11:30 IST" duration-ms="14703" status="PASS">
          <params>
            <param index="0">
              <value>
                <![CDATA[""]]>
              </value>
            </param>
            <param index="1">
              <value>
                <![CDATA[""]]>
              </value>
            </param>
          </params>
          <reporter-output>
            <line>
              <![CDATA[Supplier-00000006977  Supplier-00000006977]]>
            </line>
            <line>
              <![CDATA[Supplier number added successfully]]>
            </line>
          </reporter-output>
        </test-method> <!-- runScenario -->
        <test-method signature="runScenario(cucumber.api.testng.PickleEventWrapper,cucumber.api.testng.CucumberFeatureWrapper)[pri:0, instance:testRunners.Runner@5c80cf32]" started-at="2024-10-31T15:11:30 IST" name="runScenario" description="Runs Cucumber Scenarios" data-provider="scenarios" finished-at="2024-10-31T15:11:45 IST" duration-ms="14999" status="PASS">
          <params>
            <param index="0">
              <value>
                <![CDATA[""]]>
              </value>
            </param>
            <param index="1">
              <value>
                <![CDATA[""]]>
              </value>
            </param>
          </params>
          <reporter-output>
            <line>
              <![CDATA[Customer-00000012475   Customer-00000012475]]>
            </line>
          </reporter-output>
        </test-method> <!-- runScenario -->
        <test-method signature="runScenario(cucumber.api.testng.PickleEventWrapper,cucumber.api.testng.CucumberFeatureWrapper)[pri:0, instance:testRunners.Runner@5c80cf32]" started-at="2024-10-31T15:11:45 IST" name="runScenario" description="Runs Cucumber Scenarios" data-provider="scenarios" finished-at="2024-10-31T15:12:02 IST" duration-ms="16244" status="PASS">
          <params>
            <param index="0">
              <value>
                <![CDATA[""]]>
              </value>
            </param>
            <param index="1">
              <value>
                <![CDATA[""]]>
              </value>
            </param>
          </params>
          <reporter-output>
            <line>
              <![CDATA[Customer-00000012476   Customer-00000012476]]>
            </line>
          </reporter-output>
        </test-method> <!-- runScenario -->
        <test-method is-config="true" signature="tearDownClass()[pri:0, instance:testRunners.Runner@5c80cf32]" started-at="2024-10-31T15:12:02 IST" name="tearDownClass" finished-at="2024-10-31T15:12:02 IST" duration-ms="254" status="PASS">
          <reporter-output>
          </reporter-output>
        </test-method> <!-- tearDownClass -->
      </class> <!-- testRunners.Runner -->
    </test> <!-- Default test -->
  </suite> <!-- Default suite -->
</testng-results>
